<?xml version="1.0" encoding="UTF-8"?>
<!-- Generated by org.testng.reporters.JUnitReportReporter -->
<testsuite hostname="DESKTOP-2J4Q79J" failures="0" tests="1" name="testCase.LoginTest" time="15.876" errors="0" timestamp="2024-07-09T01:55:10 IST" skipped="0">
  <testcase classname="testCase.LoginTest" name="login" time="15.876"/>
</testsuite> <!-- testCase.LoginTest -->
