<?xml version="1.0" encoding="UTF-8"?>
<!-- Generated by org.testng.reporters.JUnitReportReporter -->
<testsuite hostname="DESKTOP-2J4Q79J" failures="0" tests="1" name="testCase.LoginTest" time="18.103" errors="0" timestamp="2024-07-09T22:55:12 IST" skipped="0">
  <testcase classname="testCase.LoginTest" name="login" time="18.103"/>
</testsuite> <!-- testCase.LoginTest -->
